<?xml version="1.0" encoding="UTF-8"?>
<!-- Generated by org.testng.reporters.JUnitXMLReporter -->
<testsuite hostname="DESKTOP-UK172U2" name="Test1" tests="3" failures="0" timestamp="6 May 2017 10:45:00 GMT" time="60.619" errors="0">
  <testcase name="testValidLoginLogout" time="13.053" classname="script.ValidLoginLogout"/>
  <testcase name="testInvalidLogin" time="16.648" classname="script.InvalidLogin"/>
  <testcase name="testVerifyVersion" time="0.204" classname="script.VerifyVersion"/>
</testsuite> <!-- Test1 -->
