<?xml version="1.0" encoding="UTF-8"?>
<!-- Generated by org.testng.reporters.JUnitXMLReporter -->
<testsuite hostname="DESKTOP-UK172U2" name="Test2" tests="3" failures="0" timestamp="6 May 2017 10:45:16 GMT" time="77.181" errors="0">
  <testcase name="testValidLoginLogout" time="11.122" classname="script.ValidLoginLogout"/>
  <testcase name="testInvalidLogin" time="13.274" classname="script.InvalidLogin"/>
  <testcase name="testVerifyVersion" time="0.173" classname="script.VerifyVersion"/>
</testsuite> <!-- Test2 -->
