<?xml version="1.0" encoding="UTF-8"?>
<!-- Generated by org.testng.reporters.JUnitXMLReporter -->
<testsuite hostname="DESKTOP-UK172U2" name="Test" tests="3" failures="0" timestamp="5 May 2017 09:15:30 GMT" time="54.363" errors="0">
  <testcase name="testValidLoginLogout" time="9.406" classname="script.ValidLoginLogout"/>
  <testcase name="testInvalidLogin" time="15.154" classname="script.InvalidLogin"/>
  <testcase name="testVerifyVersion" time="0.38" classname="script.VerifyVersion"/>
</testsuite> <!-- Test -->
